{
  "RSpec": {
    "coverage": {
      "/Users/vita/Development/mk-tracker-api/app/models/track.rb": [
        null,
        null,
        null,
        null,
        null,
        null,
        null,
        null,
        null,
        1,
        1,
        null
      ],
      "/Users/vita/Development/mk-tracker-api/app/controllers/api/v1/tracks_controller.rb": [
        1,
        1,
        1,
        1,
        null,
        null,
        null,
        null,
        null
      ],
      "/Users/vita/Development/mk-tracker-api/app/controllers/api/v1/api_controller.rb": [
        null,
        null,
        1,
        1,
        1,
        1,
        null,
        1,
        1,
        null,
        1,
        1,
        1,
        1,
        1,
        1,
        null,
        1,
        0,
        null,
        null,
        1,
        null,
        1,
        0,
        null,
        null,
        0,
        0,
        null,
        null,
        0,
        0,
        null,
        null,
        1,
        0,
        0,
        null,
        null,
        1,
        0,
        0,
        null,
        null,
        1,
        0,
        0,
        null,
        null,
        null,
        null
      ],
      "/Users/vita/Development/mk-tracker-api/app/controllers/api/concerns/act_as_api_request.rb": [
        1,
        1,
        1,
        1,
        null,
        1,
        1,
        1,
        null,
        null,
        1,
        1,
        0,
        null,
        null,
        1,
        0,
        null,
        null,
        0,
        null,
        null,
        1,
        2,
        null,
        null,
        null,
        null
      ]
    },
    "timestamp": 1550610457
  }
}
